<?xml version="1.0" encoding="UTF-8"?>
<testsuite xmlns:xsi="http://www.w3.org/2001/XMLSchema-instance" xsi:noNamespaceSchemaLocation="https://maven.apache.org/surefire/maven-surefire-plugin/xsd/surefire-test-report.xsd" version="3.0.2" name="com.cooksys.twitter.TwitterApplicationTests" time="6.055" tests="1" errors="0" skipped="0" failures="0">
  <properties>
[...]
</properties>
  <testcase name="contextLoads" classname="com.cooksys.twitter.TwitterApplicationTests" time="0.362">
    <system-out><![CDATA[13:32:10.927 [main] INFO org.springframework.test.context.support.AnnotationConfigContextLoaderUtils -- Could not detect default configuration classes for test class [com.cooksys.twitter.TwitterApplicationTests]: TwitterApplicationTests does not declare any static, non-private, non-final, nested classes annotated with @Configuration.
13:32:11.057 [main] INFO org.springframework.boot.test.context.SpringBootTestContextBootstrapper -- Found @SpringBootConfiguration com.cooksys.twitter.TwitterApplication for test class com.cooksys.twitter.TwitterApplicationTests
13:32:11.241 [main] INFO org.springframework.boot.devtools.restart.RestartApplicationListener -- Restart disabled due to context in which it is running

  .   ____          _            __ _ _
 /\\ / ___'_ __ _ _(_)_ __  __ _ \ \ \ \
( ( )\___ | '_ | '_| | '_ \/ _` | \ \ \ \
 \\/  ___)| |_)| | | | | || (_| |  ) ) ) )
  '  |____| .__|_| |_|_| |_\__, | / / / /
 =========|_|==============|___/=/_/_/_/

 :: Spring Boot ::                (v3.5.7)

2025-11-21T13:32:11.533-05:00  INFO 23456 --- [twitter] [           main] c.c.twitter.TwitterApplicationTests      : Starting TwitterApplicationTests using Java 21.0.8 with PID 23456 (started by erika in C:\Erika\Programming\FT\twitter_api)
2025-11-21T13:32:11.535-05:00  INFO 23456 --- [twitter] [           main] c.c.twitter.TwitterApplicationTests      : No active profile set, falling back to 1 default profile: "default"
2025-11-21T13:32:12.491-05:00  INFO 23456 --- [twitter] [           main] .s.d.r.c.RepositoryConfigurationDelegate : Bootstrapping Spring Data JPA repositories in DEFAULT mode.
2025-11-21T13:32:12.569-05:00  INFO 23456 --- [twitter] [           main] .s.d.r.c.RepositoryConfigurationDelegate : Finished Spring Data repository scanning in 66 ms. Found 3 JPA repository interfaces.
2025-11-21T13:32:13.107-05:00  INFO 23456 --- [twitter] [           main] o.hibernate.jpa.internal.util.LogHelper  : HHH000204: Processing PersistenceUnitInfo [name: default]
2025-11-21T13:32:13.160-05:00  INFO 23456 --- [twitter] [           main] org.hibernate.Version                    : HHH000412: Hibernate ORM core version 6.6.33.Final
2025-11-21T13:32:13.184-05:00  INFO 23456 --- [twitter] [           main] o.h.c.internal.RegionFactoryInitiator    : HHH000026: Second-level cache disabled
2025-11-21T13:32:13.585-05:00  INFO 23456 --- [twitter] [           main] o.s.o.j.p.SpringPersistenceUnitInfo      : No LoadTimeWeaver setup: ignoring JPA class transformer
2025-11-21T13:32:13.620-05:00  INFO 23456 --- [twitter] [           main] com.zaxxer.hikari.HikariDataSource       : HikariPool-1 - Starting...
2025-11-21T13:32:13.841-05:00  INFO 23456 --- [twitter] [           main] com.zaxxer.hikari.pool.HikariPool        : HikariPool-1 - Added connection org.postgresql.jdbc.PgConnection@67e6eb52
2025-11-21T13:32:13.843-05:00  INFO 23456 --- [twitter] [           main] com.zaxxer.hikari.HikariDataSource       : HikariPool-1 - Start completed.
2025-11-21T13:32:13.913-05:00  INFO 23456 --- [twitter] [           main] org.hibernate.orm.connections.pooling    : HHH10001005: Database info:
	Database JDBC URL [Connecting through datasource 'HikariDataSource (HikariPool-1)']
	Database driver: undefined/unknown
	Database version: 16.0
	Autocommit mode: undefined/unknown
	Isolation level: undefined/unknown
	Minimum pool size: undefined/unknown
	Maximum pool size: undefined/unknown
2025-11-21T13:32:15.001-05:00  INFO 23456 --- [twitter] [           main] o.h.e.t.j.p.i.JtaPlatformInitiator       : HHH000489: No JTA platform available (set 'hibernate.transaction.jta.platform' to enable JTA platform integration)
Hibernate: 
    set client_min_messages = WARNING
Hibernate: 
    alter table if exists followers_following 
       drop constraint if exists FK3i45pg5ts2wfa1i6cy88ehy3f
Hibernate: 
    alter table if exists followers_following 
       drop constraint if exists FKdpufp0ouls9e6l0awxh9s8cu7
Hibernate: 
    alter table if exists tweet 
       drop constraint if exists FKi6j595d7vel1rbjb8i7plwk31
Hibernate: 
    alter table if exists tweet 
       drop constraint if exists FK5dwdr7bal4km46vdrxqrus9ln
Hibernate: 
    alter table if exists tweet 
       drop constraint if exists FK15vpcckh637pbecsv39cdslwe
Hibernate: 
    alter table if exists tweet_hashtags 
       drop constraint if exists FK6fcp31ys61fey7lcvxalt1hg9
Hibernate: 
    alter table if exists tweet_hashtags 
       drop constraint if exists FKa43qaxd1o9794dgje8n9vvsi9
Hibernate: 
    alter table if exists user_likes 
       drop constraint if exists FKce235juuj8ndarb8yvdfea5vx
Hibernate: 
    alter table if exists user_likes 
       drop constraint if exists FKdilp8j78i5w232d0a9vrvfx0p
Hibernate: 
    alter table if exists user_mentions 
       drop constraint if exists FK8ms3m0qxnc7daosfmvaqibipv
Hibernate: 
    alter table if exists user_mentions 
       drop constraint if exists FKfsw68rgevqhe6lxd9fdf4242u
Hibernate: 
    drop table if exists followers_following cascade
Hibernate: 
    drop table if exists hashtag cascade
Hibernate: 
    drop table if exists tweet cascade
Hibernate: 
    drop table if exists tweet_hashtags cascade
Hibernate: 
    drop table if exists user_likes cascade
Hibernate: 
    drop table if exists user_mentions cascade
Hibernate: 
    drop table if exists user_table cascade
Hibernate: 
    drop sequence if exists hashtag_seq
Hibernate: 
    drop sequence if exists tweet_seq
Hibernate: 
    drop sequence if exists user_table_seq
Hibernate: 
    create sequence hashtag_seq start with 1 increment by 50
Hibernate: 
    create sequence tweet_seq start with 1 increment by 50
Hibernate: 
    create sequence user_table_seq start with 1 increment by 50
Hibernate: 
    create table followers_following (
        follower_id bigint not null,
        following_id bigint not null
    )
Hibernate: 
    create table hashtag (
        first_used timestamp(6),
        id bigint not null,
        last_used timestamp(6),
        label varchar(255),
        primary key (id)
    )
Hibernate: 
    create table tweet (
        deleted boolean not null,
        id bigint not null,
        posted timestamp(6),
        replied_to bigint,
        reposted_from bigint,
        user_id bigint,
        content varchar(255),
        primary key (id)
    )
Hibernate: 
    create table tweet_hashtags (
        hashtag_id bigint not null,
        tweet_id bigint not null
    )
Hibernate: 
    create table user_likes (
        tweet_id bigint not null,
        user_id bigint not null
    )
Hibernate: 
    create table user_mentions (
        tweet_id bigint not null,
        user_id bigint not null
    )
Hibernate: 
    create table user_table (
        deleted boolean not null,
        id bigint not null,
        joined timestamp(6),
        email varchar(255),
        first_name varchar(255),
        last_name varchar(255),
        password varchar(255),
        phone varchar(255),
        username varchar(255),
        primary key (id)
    )
Hibernate: 
    alter table if exists followers_following 
       add constraint FK3i45pg5ts2wfa1i6cy88ehy3f 
       foreign key (follower_id) 
       references user_table
Hibernate: 
    alter table if exists followers_following 
       add constraint FKdpufp0ouls9e6l0awxh9s8cu7 
       foreign key (following_id) 
       references user_table
Hibernate: 
    alter table if exists tweet 
       add constraint FKi6j595d7vel1rbjb8i7plwk31 
       foreign key (user_id) 
       references user_table
Hibernate: 
    alter table if exists tweet 
       add constraint FK5dwdr7bal4km46vdrxqrus9ln 
       foreign key (replied_to) 
       references tweet
Hibernate: 
    alter table if exists tweet 
       add constraint FK15vpcckh637pbecsv39cdslwe 
       foreign key (reposted_from) 
       references tweet
Hibernate: 
    alter table if exists tweet_hashtags 
       add constraint FK6fcp31ys61fey7lcvxalt1hg9 
       foreign key (hashtag_id) 
       references hashtag
Hibernate: 
    alter table if exists tweet_hashtags 
       add constraint FKa43qaxd1o9794dgje8n9vvsi9 
       foreign key (tweet_id) 
       references tweet
Hibernate: 
    alter table if exists user_likes 
       add constraint FKce235juuj8ndarb8yvdfea5vx 
       foreign key (tweet_id) 
       references tweet
Hibernate: 
    alter table if exists user_likes 
       add constraint FKdilp8j78i5w232d0a9vrvfx0p 
       foreign key (user_id) 
       references user_table
Hibernate: 
    alter table if exists user_mentions 
       add constraint FK8ms3m0qxnc7daosfmvaqibipv 
       foreign key (tweet_id) 
       references tweet
Hibernate: 
    alter table if exists user_mentions 
       add constraint FKfsw68rgevqhe6lxd9fdf4242u 
       foreign key (user_id) 
       references user_table
2025-11-21T13:32:15.108-05:00  INFO 23456 --- [twitter] [           main] j.LocalContainerEntityManagerFactoryBean : Initialized JPA EntityManagerFactory for persistence unit 'default'
2025-11-21T13:32:15.860-05:00  WARN 23456 --- [twitter] [           main] JpaBaseConfiguration$JpaWebConfiguration : spring.jpa.open-in-view is enabled by default. Therefore, database queries may be performed during view rendering. Explicitly configure spring.jpa.open-in-view to disable this warning
2025-11-21T13:32:16.433-05:00  INFO 23456 --- [twitter] [           main] c.c.twitter.TwitterApplicationTests      : Started TwitterApplicationTests in 5.202 seconds (process running for 6.32)
]]></system-out>
    <system-err><![CDATA[Mockito is currently self-attaching to enable the inline-mock-maker. This will no longer work in future releases of the JDK. Please add Mockito as an agent to your build as described in Mockito's documentation: https://javadoc.io/doc/org.mockito/mockito-core/latest/org.mockito/org/mockito/Mockito.html#0.3
WARNING: A Java agent has been loaded dynamically (C:\Users\erika\.m2\repository\net\bytebuddy\byte-buddy-agent\1.17.8\byte-buddy-agent-1.17.8.jar)
WARNING: If a serviceability tool is in use, please run with -XX:+EnableDynamicAgentLoading to hide this warning
WARNING: If a serviceability tool is not in use, please run with -Djdk.instrument.traceUsage for more information
WARNING: Dynamic loading of agents will be disallowed by default in a future release
]]></system-err>
  </testcase>
</testsuite>